<?xml version="1.0" encoding="UTF-8"?>
<!-- Generated by org.testng.reporters.JUnitReportReporter -->
<testsuite hostname="DESKTOP-21FFCBE" failures="0" tests="2" name="TestRunner.Run" time="59.584" errors="0" timestamp="2024-06-17T11:20:32 IST" skipped="0">
  <testcase classname="TestRunner.Run" name="runScenario" time="37.878"/>
  <testcase classname="TestRunner.Run" name="runScenario" time="21.706"/>
</testsuite> <!-- TestRunner.Run -->
